stdio    D         file_stdio.c:107  file_stdio_fopen                 [   0.00000] opening C:\Users\Melks\source\repos\Cerebrolab\x64\Debug\allegro5.cfg r
system   D            wsystem.c:836  maybe_parent_dir                 [   0.00000] Also searching C:\Users\Melks\source\repos\Cerebrolab\x64\
system   D            wsystem.c:891  _al_win_safe_load_library        [   0.00000] PathFindOnPath found: C:\Windows\system32\shcore.dll
system   D            wsystem.c:797  load_library_at_path             [   0.00000] Calling LoadLibrary C:\Windows\system32\shcore.dll
system   I            wsystem.c:800  load_library_at_path             [   0.00000] Loaded C:\Windows\system32\shcore.dll
system   I             system.c:272  al_install_system                [   0.00000] Allegro version: 5.2.10
audio-dsound I           dsound.cpp:275  _dsound_open                     [   0.00083] Starting DirectSound...
audio-dsound D           dsound.cpp:288  _dsound_open                     [   0.02553] DirectSoundCreate8 succeeded
audio-dsound I           dsound.cpp:77   get_window                       [   0.02563] Using desktop window: 0000000000010010
audio    I              audio.c:391  do_install_audio                 [   0.02583] Using DirectSound driver
audio-dsound D           dsound.cpp:322  _dsound_allocate_voice           [   0.02601] Allocating voice
audio-dsound D           dsound.cpp:381  _dsound_allocate_voice           [   0.02607] Allocated voice
dtor     D               dtor.c:196  _al_register_destructor          [   0.02612] added dtor for voice 000001AF799F0810, func 00007FFAEA401177
dtor     D               dtor.c:196  _al_register_destructor          [   0.02617] added dtor for mixer 000001AF79A3AEB0, func 00007FFAEA401497
audio-dsound D           dsound.cpp:477  _dsound_start_voice              [   0.02623] Starting voice
audio-dsound D           dsound.cpp:505  _dsound_start_voice              [   0.02627] CreateSoundBuffer
audio-dsound D           dsound.cpp:513  _dsound_start_voice              [   0.02826] CreateSoundBuffer succeeded
audio-dsound D           dsound.cpp:519  _dsound_start_voice              [   0.02832] Starting _dsound_update thread
audio-dsound I           dsound.cpp:529  _dsound_start_voice              [   0.02842] Voice started
dtor     D               dtor.c:196  _al_register_destructor          [   0.02849] added dtor for sample_instance 000001AF79A4D680, func 00007FFAEA401235
audio    D          kcm_mixer.c:121  _al_rechannel_matrix             [   0.02869] sample matrix:
audio    D          kcm_mixer.c:127  _al_rechannel_matrix             [   0.02873] 
audio    D          kcm_mixer.c:127  _al_rechannel_matrix             [   0.02877] 
dtor     D               dtor.c:196  _al_register_destructor          [   0.02882] added dtor for sample_instance 000001AF79A22410, func 00007FFAEA401235
audio    D          kcm_mixer.c:121  _al_rechannel_matrix             [   0.02887] sample matrix:
audio    D          kcm_mixer.c:127  _al_rechannel_matrix             [   0.02891] 
audio    D          kcm_mixer.c:127  _al_rechannel_matrix             [   0.02894] 
dtor     D               dtor.c:196  _al_register_destructor          [   0.02899] added dtor for sample_instance 000001AF79A62EE0, func 00007FFAEA401235
audio    D          kcm_mixer.c:121  _al_rechannel_matrix             [   0.02904] sample matrix:
audio    D          kcm_mixer.c:127  _al_rechannel_matrix             [   0.02908] 
audio    D          kcm_mixer.c:127  _al_rechannel_matrix             [   0.02912] 
dtor     D               dtor.c:196  _al_register_destructor          [   0.02916] added dtor for sample_instance 000001AF79A62C70, func 00007FFAEA401235
audio    D          kcm_mixer.c:121  _al_rechannel_matrix             [   0.02921] sample matrix:
audio    D          kcm_mixer.c:127  _al_rechannel_matrix             [   0.02924] 
audio    D          kcm_mixer.c:127  _al_rechannel_matrix             [   0.02928] 
dtor     D               dtor.c:196  _al_register_destructor          [   0.02932] added dtor for sample_instance 000001AF79A62650, func 00007FFAEA401235
audio    D          kcm_mixer.c:121  _al_rechannel_matrix             [   0.02944] sample matrix:
audio    D          kcm_mixer.c:127  _al_rechannel_matrix             [   0.02948] 
audio    D          kcm_mixer.c:127  _al_rechannel_matrix             [   0.02952] 
dtor     D               dtor.c:196  _al_register_destructor          [   0.02956] added dtor for sample_instance 000001AF79A62A10, func 00007FFAEA401235
audio    D          kcm_mixer.c:121  _al_rechannel_matrix             [   0.02961] sample matrix:
audio    D          kcm_mixer.c:127  _al_rechannel_matrix             [   0.02965] 
audio    D          kcm_mixer.c:127  _al_rechannel_matrix             [   0.02968] 
dtor     D               dtor.c:196  _al_register_destructor          [   0.02972] added dtor for sample_instance 000001AF79A63740, func 00007FFAEA401235
audio    D          kcm_mixer.c:121  _al_rechannel_matrix             [   0.02977] sample matrix:
audio    D          kcm_mixer.c:127  _al_rechannel_matrix             [   0.02981] 
audio    D          kcm_mixer.c:127  _al_rechannel_matrix             [   0.02985] 
dtor     D               dtor.c:196  _al_register_destructor          [   0.02989] added dtor for sample_instance 000001AF79A633E0, func 00007FFAEA401235
audio    D          kcm_mixer.c:121  _al_rechannel_matrix             [   0.02993] sample matrix:
audio    D          kcm_mixer.c:127  _al_rechannel_matrix             [   0.02998] 
audio    D          kcm_mixer.c:127  _al_rechannel_matrix             [   0.03002] 
dtor     D               dtor.c:196  _al_register_destructor          [   0.03006] added dtor for sample_instance 000001AF79A63030, func 00007FFAEA401235
audio    D          kcm_mixer.c:121  _al_rechannel_matrix             [   0.03011] sample matrix:
audio    D          kcm_mixer.c:127  _al_rechannel_matrix             [   0.03015] 
audio    D          kcm_mixer.c:127  _al_rechannel_matrix             [   0.03019] 
dtor     D               dtor.c:196  _al_register_destructor          [   0.03023] added dtor for sample_instance 000001AF79A65560, func 00007FFAEA401235
audio    D          kcm_mixer.c:121  _al_rechannel_matrix             [   0.03027] sample matrix:
audio    D          kcm_mixer.c:127  _al_rechannel_matrix             [   0.03031] 
audio    D          kcm_mixer.c:127  _al_rechannel_matrix             [   0.03035] 
system   D            wsystem.c:836  maybe_parent_dir                 [   0.03052] Also searching C:\Users\Melks\source\repos\Cerebrolab\x64\
system   D            wsystem.c:891  _al_win_safe_load_library        [   0.03079] PathFindOnPath found: C:\Windows\system32\d3d9.dll
system   D            wsystem.c:797  load_library_at_path             [   0.03084] Calling LoadLibrary C:\Windows\system32\d3d9.dll
system   I            wsystem.c:800  load_library_at_path             [   0.03309] Loaded C:\Windows\system32\d3d9.dll
d3d      I         d3d_disp.cpp:679  d3d_init_display                 [   0.03778] Render-to-texture: 1
d3d      I         d3d_disp.cpp:1780 d3d_create_display_locked        [   0.03870] faux_fullscreen=0
d3d      D         d3d_disp.cpp:1781 d3d_create_display_locked        [   0.03877] al_display=000001AF79A94000
d3d      D         d3d_disp.cpp:1782 d3d_create_display_locked        [   0.03882] al_display->vt=000001AF79A93E50
d3d      I d3d_display_formats.cpp:144  _al_d3d_generate_display_format_list [   0.04031] found 64 format combinations
display  D   display_settings.c:214  debug_display_settings           [   0.04038] color: 32 (rgba 8880), depth: 0, stencil: 0, acc: 0000, samples: 0/0
display  D   display_settings.c:529  _al_score_display_settings       [   0.04043] Score is : 897
display  D   display_settings.c:214  debug_display_settings           [   0.04048] color: 32 (rgba 8880), depth: 0, stencil: 0, acc: 0000, samples: 0/0
display  D   display_settings.c:529  _al_score_display_settings       [   0.04052] Score is : 897
display  D   display_settings.c:214  debug_display_settings           [   0.04056] color: 32 (rgba 8880), depth: 24, stencil: 8, acc: 0000, samples: 0/0
display  D   display_settings.c:529  _al_score_display_settings       [   0.04062] Score is : 897
display  D   display_settings.c:214  debug_display_settings           [   0.04066] color: 32 (rgba 8880), depth: 24, stencil: 8, acc: 0000, samples: 0/0
display  D   display_settings.c:529  _al_score_display_settings       [   0.04071] Score is : 897
display  D   display_settings.c:214  debug_display_settings           [   0.04075] color: 32 (rgba 8880), depth: 24, stencil: 0, acc: 0000, samples: 0/0
display  D   display_settings.c:529  _al_score_display_settings       [   0.04080] Score is : 897
display  D   display_settings.c:214  debug_display_settings           [   0.04083] color: 32 (rgba 8880), depth: 24, stencil: 0, acc: 0000, samples: 0/0
display  D   display_settings.c:529  _al_score_display_settings       [   0.04088] Score is : 897
display  D   display_settings.c:214  debug_display_settings           [   0.04092] color: 32 (rgba 8880), depth: 16, stencil: 0, acc: 0000, samples: 0/0
display  D   display_settings.c:529  _al_score_display_settings       [   0.04097] Score is : 897
display  D   display_settings.c:214  debug_display_settings           [   0.04100] color: 32 (rgba 8880), depth: 16, stencil: 0, acc: 0000, samples: 0/0
display  D   display_settings.c:529  _al_score_display_settings       [   0.04105] Score is : 897
display  D   display_settings.c:214  debug_display_settings           [   0.04109] color: 16 (rgba 5650), depth: 0, stencil: 0, acc: 0000, samples: 0/0
display  D   display_settings.c:529  _al_score_display_settings       [   0.04114] Score is : 897
display  D   display_settings.c:214  debug_display_settings           [   0.04118] color: 16 (rgba 5650), depth: 0, stencil: 0, acc: 0000, samples: 0/0
display  D   display_settings.c:529  _al_score_display_settings       [   0.04122] Score is : 897
display  D   display_settings.c:214  debug_display_settings           [   0.04126] color: 16 (rgba 5650), depth: 24, stencil: 8, acc: 0000, samples: 0/0
display  D   display_settings.c:529  _al_score_display_settings       [   0.04131] Score is : 897
display  D   display_settings.c:214  debug_display_settings           [   0.04135] color: 16 (rgba 5650), depth: 24, stencil: 8, acc: 0000, samples: 0/0
display  D   display_settings.c:529  _al_score_display_settings       [   0.04139] Score is : 897
display  D   display_settings.c:214  debug_display_settings           [   0.04143] color: 16 (rgba 5650), depth: 24, stencil: 0, acc: 0000, samples: 0/0
display  D   display_settings.c:529  _al_score_display_settings       [   0.04148] Score is : 897
display  D   display_settings.c:214  debug_display_settings           [   0.04152] color: 16 (rgba 5650), depth: 24, stencil: 0, acc: 0000, samples: 0/0
display  D   display_settings.c:529  _al_score_display_settings       [   0.04156] Score is : 897
display  D   display_settings.c:214  debug_display_settings           [   0.04160] color: 16 (rgba 5650), depth: 16, stencil: 0, acc: 0000, samples: 0/0
display  D   display_settings.c:529  _al_score_display_settings       [   0.04165] Score is : 897
display  D   display_settings.c:214  debug_display_settings           [   0.04169] color: 16 (rgba 5650), depth: 16, stencil: 0, acc: 0000, samples: 0/0
display  D   display_settings.c:529  _al_score_display_settings       [   0.04173] Score is : 897
display  D   display_settings.c:214  debug_display_settings           [   0.04177] color: 32 (rgba 8880), depth: 0, stencil: 0, acc: 0000, samples: 0/0
display  D   display_settings.c:400  _al_score_display_settings       [   0.04182] Single Buffer requirement not met.
display  D   display_settings.c:214  debug_display_settings           [   0.04186] color: 32 (rgba 8880), depth: 0, stencil: 0, acc: 0000, samples: 0/0
display  D   display_settings.c:400  _al_score_display_settings       [   0.04190] Single Buffer requirement not met.
display  D   display_settings.c:214  debug_display_settings           [   0.04195] color: 32 (rgba 8880), depth: 24, stencil: 8, acc: 0000, samples: 0/0
display  D   display_settings.c:400  _al_score_display_settings       [   0.04199] Single Buffer requirement not met.
display  D   display_settings.c:214  debug_display_settings           [   0.04204] color: 32 (rgba 8880), depth: 24, stencil: 8, acc: 0000, samples: 0/0
display  D   display_settings.c:400  _al_score_display_settings       [   0.04209] Single Buffer requirement not met.
display  D   display_settings.c:214  debug_display_settings           [   0.04213] color: 32 (rgba 8880), depth: 24, stencil: 0, acc: 0000, samples: 0/0
display  D   display_settings.c:400  _al_score_display_settings       [   0.04218] Single Buffer requirement not met.
display  D   display_settings.c:214  debug_display_settings           [   0.04222] color: 32 (rgba 8880), depth: 24, stencil: 0, acc: 0000, samples: 0/0
display  D   display_settings.c:400  _al_score_display_settings       [   0.04226] Single Buffer requirement not met.
display  D   display_settings.c:214  debug_display_settings           [   0.04230] color: 32 (rgba 8880), depth: 16, stencil: 0, acc: 0000, samples: 0/0
display  D   display_settings.c:400  _al_score_display_settings       [   0.04235] Single Buffer requirement not met.
display  D   display_settings.c:214  debug_display_settings           [   0.04239] color: 32 (rgba 8880), depth: 16, stencil: 0, acc: 0000, samples: 0/0
display  D   display_settings.c:400  _al_score_display_settings       [   0.04244] Single Buffer requirement not met.
display  D   display_settings.c:214  debug_display_settings           [   0.04248] color: 16 (rgba 5650), depth: 0, stencil: 0, acc: 0000, samples: 0/0
display  D   display_settings.c:400  _al_score_display_settings       [   0.04252] Single Buffer requirement not met.
display  D   display_settings.c:214  debug_display_settings           [   0.04256] color: 16 (rgba 5650), depth: 0, stencil: 0, acc: 0000, samples: 0/0
display  D   display_settings.c:400  _al_score_display_settings       [   0.04261] Single Buffer requirement not met.
display  D   display_settings.c:214  debug_display_settings           [   0.04265] color: 16 (rgba 5650), depth: 24, stencil: 8, acc: 0000, samples: 0/0
display  D   display_settings.c:400  _al_score_display_settings       [   0.04269] Single Buffer requirement not met.
display  D   display_settings.c:214  debug_display_settings           [   0.04273] color: 16 (rgba 5650), depth: 24, stencil: 8, acc: 0000, samples: 0/0
display  D   display_settings.c:400  _al_score_display_settings       [   0.04278] Single Buffer requirement not met.
display  D   display_settings.c:214  debug_display_settings           [   0.04282] color: 16 (rgba 5650), depth: 24, stencil: 0, acc: 0000, samples: 0/0
display  D   display_settings.c:400  _al_score_display_settings       [   0.04287] Single Buffer requirement not met.
display  D   display_settings.c:214  debug_display_settings           [   0.04291] color: 16 (rgba 5650), depth: 24, stencil: 0, acc: 0000, samples: 0/0
display  D   display_settings.c:400  _al_score_display_settings       [   0.04295] Single Buffer requirement not met.
display  D   display_settings.c:214  debug_display_settings           [   0.04299] color: 16 (rgba 5650), depth: 16, stencil: 0, acc: 0000, samples: 0/0
display  D   display_settings.c:400  _al_score_display_settings       [   0.04304] Single Buffer requirement not met.
display  D   display_settings.c:214  debug_display_settings           [   0.04308] color: 16 (rgba 5650), depth: 16, stencil: 0, acc: 0000, samples: 0/0
display  D   display_settings.c:400  _al_score_display_settings       [   0.04313] Single Buffer requirement not met.
display  D   display_settings.c:214  debug_display_settings           [   0.04317] color: 32 (rgba 8880), depth: 0, stencil: 0, acc: 0000, samples: 0/0
display  D   display_settings.c:529  _al_score_display_settings       [   0.04322] Score is : 769
display  D   display_settings.c:214  debug_display_settings           [   0.04325] color: 32 (rgba 8880), depth: 0, stencil: 0, acc: 0000, samples: 0/0
display  D   display_settings.c:529  _al_score_display_settings       [   0.04337] Score is : 769
display  D   display_settings.c:214  debug_display_settings           [   0.04342] color: 32 (rgba 8880), depth: 24, stencil: 8, acc: 0000, samples: 0/0
display  D   display_settings.c:529  _al_score_display_settings       [   0.04347] Score is : 769
display  D   display_settings.c:214  debug_display_settings           [   0.04351] color: 32 (rgba 8880), depth: 24, stencil: 8, acc: 0000, samples: 0/0
display  D   display_settings.c:529  _al_score_display_settings       [   0.04355] Score is : 769
display  D   display_settings.c:214  debug_display_settings           [   0.04359] color: 32 (rgba 8880), depth: 24, stencil: 0, acc: 0000, samples: 0/0
display  D   display_settings.c:529  _al_score_display_settings       [   0.04364] Score is : 769
display  D   display_settings.c:214  debug_display_settings           [   0.04367] color: 32 (rgba 8880), depth: 24, stencil: 0, acc: 0000, samples: 0/0
display  D   display_settings.c:529  _al_score_display_settings       [   0.04372] Score is : 769
display  D   display_settings.c:214  debug_display_settings           [   0.04376] color: 32 (rgba 8880), depth: 16, stencil: 0, acc: 0000, samples: 0/0
display  D   display_settings.c:529  _al_score_display_settings       [   0.04381] Score is : 769
display  D   display_settings.c:214  debug_display_settings           [   0.04384] color: 32 (rgba 8880), depth: 16, stencil: 0, acc: 0000, samples: 0/0
display  D   display_settings.c:529  _al_score_display_settings       [   0.04389] Score is : 769
display  D   display_settings.c:214  debug_display_settings           [   0.04393] color: 16 (rgba 5650), depth: 0, stencil: 0, acc: 0000, samples: 0/0
display  D   display_settings.c:529  _al_score_display_settings       [   0.04397] Score is : 769
display  D   display_settings.c:214  debug_display_settings           [   0.04401] color: 16 (rgba 5650), depth: 0, stencil: 0, acc: 0000, samples: 0/0
display  D   display_settings.c:529  _al_score_display_settings       [   0.04406] Score is : 769
display  D   display_settings.c:214  debug_display_settings           [   0.04410] color: 16 (rgba 5650), depth: 24, stencil: 8, acc: 0000, samples: 0/0
display  D   display_settings.c:529  _al_score_display_settings       [   0.04415] Score is : 769
display  D   display_settings.c:214  debug_display_settings           [   0.04418] color: 16 (rgba 5650), depth: 24, stencil: 8, acc: 0000, samples: 0/0
display  D   display_settings.c:529  _al_score_display_settings       [   0.04423] Score is : 769
display  D   display_settings.c:214  debug_display_settings           [   0.04427] color: 16 (rgba 5650), depth: 24, stencil: 0, acc: 0000, samples: 0/0
display  D   display_settings.c:529  _al_score_display_settings       [   0.04431] Score is : 769
display  D   display_settings.c:214  debug_display_settings           [   0.04435] color: 16 (rgba 5650), depth: 24, stencil: 0, acc: 0000, samples: 0/0
display  D   display_settings.c:529  _al_score_display_settings       [   0.04440] Score is : 769
display  D   display_settings.c:214  debug_display_settings           [   0.04444] color: 16 (rgba 5650), depth: 16, stencil: 0, acc: 0000, samples: 0/0
display  D   display_settings.c:529  _al_score_display_settings       [   0.04448] Score is : 769
display  D   display_settings.c:214  debug_display_settings           [   0.04452] color: 16 (rgba 5650), depth: 16, stencil: 0, acc: 0000, samples: 0/0
display  D   display_settings.c:529  _al_score_display_settings       [   0.04457] Score is : 769
display  D   display_settings.c:214  debug_display_settings           [   0.04461] color: 32 (rgba 8880), depth: 0, stencil: 0, acc: 0000, samples: 0/0
display  D   display_settings.c:400  _al_score_display_settings       [   0.04465] Single Buffer requirement not met.
display  D   display_settings.c:214  debug_display_settings           [   0.04469] color: 32 (rgba 8880), depth: 0, stencil: 0, acc: 0000, samples: 0/0
display  D   display_settings.c:400  _al_score_display_settings       [   0.04474] Single Buffer requirement not met.
display  D   display_settings.c:214  debug_display_settings           [   0.04479] color: 32 (rgba 8880), depth: 24, stencil: 8, acc: 0000, samples: 0/0
display  D   display_settings.c:400  _al_score_display_settings       [   0.04483] Single Buffer requirement not met.
display  D   display_settings.c:214  debug_display_settings           [   0.04487] color: 32 (rgba 8880), depth: 24, stencil: 8, acc: 0000, samples: 0/0
display  D   display_settings.c:400  _al_score_display_settings       [   0.04492] Single Buffer requirement not met.
display  D   display_settings.c:214  debug_display_settings           [   0.04496] color: 32 (rgba 8880), depth: 24, stencil: 0, acc: 0000, samples: 0/0
display  D   display_settings.c:400  _al_score_display_settings       [   0.04501] Single Buffer requirement not met.
display  D   display_settings.c:214  debug_display_settings           [   0.04505] color: 32 (rgba 8880), depth: 24, stencil: 0, acc: 0000, samples: 0/0
display  D   display_settings.c:400  _al_score_display_settings       [   0.04510] Single Buffer requirement not met.
display  D   display_settings.c:214  debug_display_settings           [   0.04514] color: 32 (rgba 8880), depth: 16, stencil: 0, acc: 0000, samples: 0/0
display  D   display_settings.c:400  _al_score_display_settings       [   0.04518] Single Buffer requirement not met.
display  D   display_settings.c:214  debug_display_settings           [   0.04522] color: 32 (rgba 8880), depth: 16, stencil: 0, acc: 0000, samples: 0/0
display  D   display_settings.c:400  _al_score_display_settings       [   0.04527] Single Buffer requirement not met.
display  D   display_settings.c:214  debug_display_settings           [   0.04531] color: 16 (rgba 5650), depth: 0, stencil: 0, acc: 0000, samples: 0/0
display  D   display_settings.c:400  _al_score_display_settings       [   0.04536] Single Buffer requirement not met.
display  D   display_settings.c:214  debug_display_settings           [   0.04540] color: 16 (rgba 5650), depth: 0, stencil: 0, acc: 0000, samples: 0/0
display  D   display_settings.c:400  _al_score_display_settings       [   0.04544] Single Buffer requirement not met.
display  D   display_settings.c:214  debug_display_settings           [   0.04548] color: 16 (rgba 5650), depth: 24, stencil: 8, acc: 0000, samples: 0/0
display  D   display_settings.c:400  _al_score_display_settings       [   0.04553] Single Buffer requirement not met.
display  D   display_settings.c:214  debug_display_settings           [   0.04557] color: 16 (rgba 5650), depth: 24, stencil: 8, acc: 0000, samples: 0/0
display  D   display_settings.c:400  _al_score_display_settings       [   0.04562] Single Buffer requirement not met.
display  D   display_settings.c:214  debug_display_settings           [   0.04566] color: 16 (rgba 5650), depth: 24, stencil: 0, acc: 0000, samples: 0/0
display  D   display_settings.c:400  _al_score_display_settings       [   0.04570] Single Buffer requirement not met.
display  D   display_settings.c:214  debug_display_settings           [   0.04574] color: 16 (rgba 5650), depth: 24, stencil: 0, acc: 0000, samples: 0/0
display  D   display_settings.c:400  _al_score_display_settings       [   0.04579] Single Buffer requirement not met.
display  D   display_settings.c:214  debug_display_settings           [   0.04583] color: 16 (rgba 5650), depth: 16, stencil: 0, acc: 0000, samples: 0/0
display  D   display_settings.c:400  _al_score_display_settings       [   0.04587] Single Buffer requirement not met.
display  D   display_settings.c:214  debug_display_settings           [   0.04592] color: 16 (rgba 5650), depth: 16, stencil: 0, acc: 0000, samples: 0/0
display  D   display_settings.c:400  _al_score_display_settings       [   0.04596] Single Buffer requirement not met.
d3d      D         d3d_disp.cpp:1677 d3d_create_display_internals     [   0.04602] Trying format 0.
d3d      I         d3d_disp.cpp:1353 d3d_display_thread_proc          [   0.04627] Chose a display format: 23
d3d      I         d3d_disp.cpp:1422 d3d_display_thread_proc          [   0.04634] Normal window.
d3d      I         d3d_disp.cpp:786  d3d_create_device                [   0.06360] Using no depth stencil buffer
d3d      D         d3d_disp.cpp:848  d3d_create_device                [   0.07298] BeginScene succeeded in create_device
d3d      D         d3d_disp.cpp:856  d3d_create_device                [   0.07311] Success
d3d      D         d3d_disp.cpp:1703 d3d_create_display_internals     [   0.07319] Resumed after wait.
d3d      I         d3d_disp.cpp:1736 d3d_create_display_internals     [   0.07327] Format 0 succeeded.
d3d      D         d3d_disp.cpp:1767 d3d_create_display_internals     [   0.07334] Returning d3d_display: 000001AF79A94000
d3d      D         d3d_disp.cpp:1792 d3d_create_display_locked        [   0.07339] al_display=000001AF79A94000
d3d      D         d3d_disp.cpp:1793 d3d_create_display_locked        [   0.07343] al_display->vt=000001AF79A93E50
stdio    D         file_stdio.c:107  file_stdio_fopen                 [   0.07363] opening assets/fonts/metal_slug.ttf rb
font     D                ttf.c:971  al_load_ttf_font_stretch_f       [   0.07419] Font assets/fonts/metal_slug.ttf loaded with pixel size 0 x 64.
font     D                ttf.c:973  al_load_ttf_font_stretch_f       [   0.07426]     ascent=59.0, descent=-4.0, height=63.0
dtor     D               dtor.c:196  _al_register_destructor          [   0.07432] added dtor for ttf_font 000001AF79ADE450, func 00007FFAEA58129E
stdio    D         file_stdio.c:107  file_stdio_fopen                 [   0.07437] opening assets/fonts/metal_slug.ttf rb
font     D                ttf.c:971  al_load_ttf_font_stretch_f       [   0.07469] Font assets/fonts/metal_slug.ttf loaded with pixel size 0 x 32.
font     D                ttf.c:973  al_load_ttf_font_stretch_f       [   0.07474]     ascent=30.0, descent=-2.0, height=31.0
dtor     D               dtor.c:196  _al_register_destructor          [   0.07479] added dtor for ttf_font 000001AF79ADD5E0, func 00007FFAEA58129E
stdio    D         file_stdio.c:107  file_stdio_fopen                 [   0.07484] opening assets/fonts/font2.ttf rb
font     D                ttf.c:971  al_load_ttf_font_stretch_f       [   0.07519] Font assets/fonts/font2.ttf loaded with pixel size 0 x 24.
font     D                ttf.c:973  al_load_ttf_font_stretch_f       [   0.07525]     ascent=22.0, descent=0.0, height=23.0
dtor     D               dtor.c:196  _al_register_destructor          [   0.07531] added dtor for ttf_font 000001AF79ADDAB0, func 00007FFAEA58129E
stdio    D         file_stdio.c:107  file_stdio_fopen                 [   0.07536] opening assets/sounds/musica_1.mp3 rb
stdio    D         file_stdio.c:107  file_stdio_fopen                 [   0.07565] opening assets/sounds/musica_1.mp3 rb
acodec   D                mp3.c:302  _al_load_mp3_audio_stream_f      [   0.07933] Channels 2, frequency 44100
audio    D         kcm_stream.c:690  _al_kcm_feed_stream              [   0.08307] Stream feeder thread started.
dtor     D               dtor.c:196  _al_register_destructor          [   0.08328] added dtor for queue 000001AF79AB76D0, func 00007FFA5D901C53
dtor     D               dtor.c:196  _al_register_destructor          [   0.08354] added dtor for timer 000001AF79A7FE60, func 00007FFA5D901050
dtor     D               dtor.c:196  _al_register_destructor          [   0.08362] added dtor for queue 000001AF79AB78F0, func 00007FFA5D901C53
stdio    D         file_stdio.c:107  file_stdio_fopen                 [   0.08522] opening assets/images/principal.png rb
stdio    D         file_stdio.c:107  file_stdio_fopen                 [   0.08565] opening assets/images/principal.png rb
d3d      D         d3d_disp.cpp:1197 real_choose_bitmap_format        [   0.08589] Fake format
d3d      D         d3d_disp.cpp:1197 real_choose_bitmap_format        [   0.08594] Fake format
d3d      D         d3d_disp.cpp:1197 real_choose_bitmap_format        [   0.08599] Fake format
d3d      D         d3d_disp.cpp:1197 real_choose_bitmap_format        [   0.08605] Fake format
d3d      D         d3d_disp.cpp:1197 real_choose_bitmap_format        [   0.08612] Fake format
d3d      D         d3d_disp.cpp:1197 real_choose_bitmap_format        [   0.08618] Fake format
d3d      D         d3d_disp.cpp:1197 real_choose_bitmap_format        [   0.08622] Fake format
d3d      D         d3d_disp.cpp:1197 real_choose_bitmap_format        [   0.08626] Fake format
d3d      D         d3d_disp.cpp:1197 real_choose_bitmap_format        [   0.08630] Fake format
d3d      D         d3d_disp.cpp:1205 real_choose_bitmap_format        [   0.08634] Alpha doesn't match
d3d      D         d3d_disp.cpp:1212 real_choose_bitmap_format        [   0.08638] Adapter format is 23
d3d      D         d3d_disp.cpp:1215 real_choose_bitmap_format        [   0.08642] Found a format
d3d      I         d3d_disp.cpp:2386 d3d_create_bitmap                [   0.08646] Chose bitmap format 9
dtor     D               dtor.c:196  _al_register_destructor          [   0.08683] added dtor for bitmap 000001AF7E71A010, func 00007FFA5D901190
stdio    D         file_stdio.c:107  file_stdio_fopen                 [   0.09121] opening assets/images/principal.png rb
stdio    D         file_stdio.c:107  file_stdio_fopen                 [   0.09148] opening assets/images/principal.png rb
d3d      D         d3d_disp.cpp:1197 real_choose_bitmap_format        [   0.09163] Fake format
d3d      D         d3d_disp.cpp:1197 real_choose_bitmap_format        [   0.09168] Fake format
d3d      D         d3d_disp.cpp:1197 real_choose_bitmap_format        [   0.09172] Fake format
d3d      D         d3d_disp.cpp:1197 real_choose_bitmap_format        [   0.09176] Fake format
d3d      D         d3d_disp.cpp:1197 real_choose_bitmap_format        [   0.09180] Fake format
d3d      D         d3d_disp.cpp:1197 real_choose_bitmap_format        [   0.09184] Fake format
d3d      D         d3d_disp.cpp:1197 real_choose_bitmap_format        [   0.09188] Fake format
d3d      D         d3d_disp.cpp:1197 real_choose_bitmap_format        [   0.09191] Fake format
d3d      D         d3d_disp.cpp:1197 real_choose_bitmap_format        [   0.09195] Fake format
d3d      D         d3d_disp.cpp:1205 real_choose_bitmap_format        [   0.09199] Alpha doesn't match
d3d      D         d3d_disp.cpp:1212 real_choose_bitmap_format        [   0.09204] Adapter format is 23
d3d      D         d3d_disp.cpp:1215 real_choose_bitmap_format        [   0.09208] Found a format
d3d      I         d3d_disp.cpp:2386 d3d_create_bitmap                [   0.09212] Chose bitmap format 9
dtor     D               dtor.c:196  _al_register_destructor          [   0.09246] added dtor for bitmap 000001AF7E76C200, func 00007FFA5D901190
stdio    D         file_stdio.c:107  file_stdio_fopen                 [   0.09417] opening assets/images/menu.png rb
stdio    D         file_stdio.c:107  file_stdio_fopen                 [   0.09436] opening assets/images/menu.png rb
d3d      D         d3d_disp.cpp:1197 real_choose_bitmap_format        [   0.09459] Fake format
d3d      D         d3d_disp.cpp:1197 real_choose_bitmap_format        [   0.09463] Fake format
d3d      D         d3d_disp.cpp:1197 real_choose_bitmap_format        [   0.09467] Fake format
d3d      D         d3d_disp.cpp:1197 real_choose_bitmap_format        [   0.09471] Fake format
d3d      D         d3d_disp.cpp:1197 real_choose_bitmap_format        [   0.09475] Fake format
d3d      D         d3d_disp.cpp:1197 real_choose_bitmap_format        [   0.09479] Fake format
d3d      D         d3d_disp.cpp:1197 real_choose_bitmap_format        [   0.09482] Fake format
d3d      D         d3d_disp.cpp:1197 real_choose_bitmap_format        [   0.09486] Fake format
d3d      D         d3d_disp.cpp:1197 real_choose_bitmap_format        [   0.09490] Fake format
d3d      D         d3d_disp.cpp:1205 real_choose_bitmap_format        [   0.09493] Alpha doesn't match
d3d      D         d3d_disp.cpp:1212 real_choose_bitmap_format        [   0.09497] Adapter format is 23
d3d      D         d3d_disp.cpp:1215 real_choose_bitmap_format        [   0.09509] Found a format
d3d      I         d3d_disp.cpp:2386 d3d_create_bitmap                [   0.09513] Chose bitmap format 9
dtor     D               dtor.c:196  _al_register_destructor          [   0.09706] added dtor for bitmap 000001AF7E718FB0, func 00007FFA5D901190
audio    D          kcm_mixer.c:121  _al_rechannel_matrix             [   0.17620] sample matrix:
audio    D          kcm_mixer.c:127  _al_rechannel_matrix             [   0.17630]  0.565685 0.000000
audio    D          kcm_mixer.c:127  _al_rechannel_matrix             [   0.17635]  0.000000 0.565685
d3d      D         d3d_disp.cpp:1197 real_choose_bitmap_format        [   0.17920] Fake format
d3d      D         d3d_disp.cpp:1197 real_choose_bitmap_format        [   0.17926] Fake format
d3d      D         d3d_disp.cpp:1197 real_choose_bitmap_format        [   0.17930] Fake format
d3d      D         d3d_disp.cpp:1197 real_choose_bitmap_format        [   0.17934] Fake format
d3d      D         d3d_disp.cpp:1197 real_choose_bitmap_format        [   0.17937] Fake format
d3d      D         d3d_disp.cpp:1197 real_choose_bitmap_format        [   0.17941] Fake format
d3d      D         d3d_disp.cpp:1197 real_choose_bitmap_format        [   0.17945] Fake format
d3d      D         d3d_disp.cpp:1197 real_choose_bitmap_format        [   0.17949] Fake format
d3d      D         d3d_disp.cpp:1197 real_choose_bitmap_format        [   0.17953] Fake format
d3d      D         d3d_disp.cpp:1205 real_choose_bitmap_format        [   0.17956] Alpha doesn't match
d3d      D         d3d_disp.cpp:1212 real_choose_bitmap_format        [   0.17960] Adapter format is 23
d3d      D         d3d_disp.cpp:1215 real_choose_bitmap_format        [   0.17964] Found a format
d3d      I         d3d_disp.cpp:2386 d3d_create_bitmap                [   0.17968] Chose bitmap format 9
font     D                ttf.c:243  alloc_glyph_region               [   0.18184] Glyph 45: 57x50 (60x52)
font     D                ttf.c:287  alloc_glyph_region               [   0.18192] Locking glyph region: 000001AF7E719420 0 0 60 52
font     D                ttf.c:167  unlock_current_page              [   0.19092] Unlocking page: 000001AF7E719420
font     D                ttf.c:243  alloc_glyph_region               [   0.19111] Glyph 69: 31x40 (32x40)
font     D                ttf.c:287  alloc_glyph_region               [   0.19117] Locking glyph region: 000001AF7E719420 60 0 32 40
font     D                ttf.c:167  unlock_current_page              [   0.19128] Unlocking page: 000001AF7E719420
font     D                ttf.c:243  alloc_glyph_region               [   0.19138] Glyph 84: 32x40 (32x40)
font     D                ttf.c:287  alloc_glyph_region               [   0.19143] Locking glyph region: 000001AF7E719420 92 0 32 40
font     D                ttf.c:167  unlock_current_page              [   0.19158] Unlocking page: 000001AF7E719420
font     D                ttf.c:243  alloc_glyph_region               [   0.19169] Glyph 65: 38x40 (40x40)
font     D                ttf.c:287  alloc_glyph_region               [   0.19174] Locking glyph region: 000001AF7E719420 124 0 40 40
font     D                ttf.c:167  unlock_current_page              [   0.19184] Unlocking page: 000001AF7E719420
font     D                ttf.c:243  alloc_glyph_region               [   0.19194] Glyph 76: 31x40 (32x40)
font     D                ttf.c:287  alloc_glyph_region               [   0.19199] Locking glyph region: 000001AF7E719420 164 0 32 40
font     D                ttf.c:167  unlock_current_page              [   0.19209] Unlocking page: 000001AF7E719420
font     D                ttf.c:475  cache_glyph                      [   0.19215] Glyph 3 has zero size.
font     D                ttf.c:243  alloc_glyph_region               [   0.19230] Glyph 51: 38x50 (40x52)
font     D                ttf.c:287  alloc_glyph_region               [   0.19234] Locking glyph region: 000001AF7E719420 196 0 40 52
font     D                ttf.c:167  unlock_current_page              [   0.19247] Unlocking page: 000001AF7E719420
font     D                ttf.c:243  alloc_glyph_region               [   0.19260] Glyph 85: 36x40 (36x40)
font     D                ttf.c:287  alloc_glyph_region               [   0.19265] Locking glyph region: 000001AF7E719420 236 0 36 40
font     D                ttf.c:167  unlock_current_page              [   0.19275] Unlocking page: 000001AF7E719420
font     D                ttf.c:243  alloc_glyph_region               [   0.19289] Glyph 71: 31x40 (32x40)
font     D                ttf.c:287  alloc_glyph_region               [   0.19294] Locking glyph region: 000001AF7E719420 272 0 32 40
font     D                ttf.c:167  unlock_current_page              [   0.19304] Unlocking page: 000001AF7E719420
d3d      D         d3d_disp.cpp:1197 real_choose_bitmap_format        [   0.19477] Fake format
d3d      D         d3d_disp.cpp:1197 real_choose_bitmap_format        [   0.19482] Fake format
d3d      D         d3d_disp.cpp:1197 real_choose_bitmap_format        [   0.19485] Fake format
d3d      D         d3d_disp.cpp:1197 real_choose_bitmap_format        [   0.19489] Fake format
d3d      D         d3d_disp.cpp:1197 real_choose_bitmap_format        [   0.19493] Fake format
d3d      D         d3d_disp.cpp:1197 real_choose_bitmap_format        [   0.19497] Fake format
d3d      D         d3d_disp.cpp:1197 real_choose_bitmap_format        [   0.19501] Fake format
d3d      D         d3d_disp.cpp:1197 real_choose_bitmap_format        [   0.19504] Fake format
d3d      D         d3d_disp.cpp:1197 real_choose_bitmap_format        [   0.19508] Fake format
d3d      D         d3d_disp.cpp:1205 real_choose_bitmap_format        [   0.19512] Alpha doesn't match
d3d      D         d3d_disp.cpp:1212 real_choose_bitmap_format        [   0.19516] Adapter format is 23
d3d      D         d3d_disp.cpp:1215 real_choose_bitmap_format        [   0.19520] Found a format
d3d      I         d3d_disp.cpp:2386 d3d_create_bitmap                [   0.19524] Chose bitmap format 9
font     D                ttf.c:243  alloc_glyph_region               [   0.19638] Glyph 46: 24x27 (24x28)
font     D                ttf.c:287  alloc_glyph_region               [   0.19643] Locking glyph region: 000001AF7E794DF0 0 0 24 28
font     D                ttf.c:167  unlock_current_page              [   0.20127] Unlocking page: 000001AF7E794DF0
font     D                ttf.c:243  alloc_glyph_region               [   0.20153] Glyph 79: 18x22 (20x24)
font     D                ttf.c:287  alloc_glyph_region               [   0.20159] Locking glyph region: 000001AF7E794DF0 24 0 20 24
font     D                ttf.c:167  unlock_current_page              [   0.20171] Unlocking page: 000001AF7E794DF0
font     D                ttf.c:243  alloc_glyph_region               [   0.20182] Glyph 86: 22x22 (24x24)
font     D                ttf.c:287  alloc_glyph_region               [   0.20189] Locking glyph region: 000001AF7E794DF0 44 0 24 24
font     D                ttf.c:167  unlock_current_page              [   0.20210] Unlocking page: 000001AF7E794DF0
font     D                ttf.c:475  cache_glyph                      [   0.20225] Glyph 3 has zero size.
font     D                ttf.c:243  alloc_glyph_region               [   0.20240] Glyph 42: 21x27 (24x28)
font     D                ttf.c:287  alloc_glyph_region               [   0.20247] Locking glyph region: 000001AF7E794DF0 68 0 24 28
font     D                ttf.c:167  unlock_current_page              [   0.20262] Unlocking page: 000001AF7E794DF0
font     D                ttf.c:243  alloc_glyph_region               [   0.20277] Glyph 71: 18x22 (20x24)
font     D                ttf.c:287  alloc_glyph_region               [   0.20282] Locking glyph region: 000001AF7E794DF0 92 0 20 24
font     D                ttf.c:167  unlock_current_page              [   0.20291] Unlocking page: 000001AF7E794DF0
font     D                ttf.c:243  alloc_glyph_region               [   0.20318] Glyph 47: 22x27 (24x28)
font     D                ttf.c:287  alloc_glyph_region               [   0.20325] Locking glyph region: 000001AF7E794DF0 112 0 24 28
font     D                ttf.c:167  unlock_current_page              [   0.20347] Unlocking page: 000001AF7E794DF0
font     D                ttf.c:243  alloc_glyph_region               [   0.20361] Glyph 80: 19x22 (20x24)
font     D                ttf.c:287  alloc_glyph_region               [   0.20366] Locking glyph region: 000001AF7E794DF0 136 0 20 24
font     D                ttf.c:167  unlock_current_page              [   0.20375] Unlocking page: 000001AF7E794DF0
font     D                ttf.c:243  alloc_glyph_region               [   0.20388] Glyph 67: 18x22 (20x24)
font     D                ttf.c:287  alloc_glyph_region               [   0.20392] Locking glyph region: 000001AF7E794DF0 156 0 20 24
font     D                ttf.c:167  unlock_current_page              [   0.20403] Unlocking page: 000001AF7E794DF0
font     D                ttf.c:243  alloc_glyph_region               [   0.20414] Glyph 69: 17x22 (20x24)
font     D                ttf.c:287  alloc_glyph_region               [   0.20418] Locking glyph region: 000001AF7E794DF0 176 0 20 24
font     D                ttf.c:167  unlock_current_page              [   0.20427] Unlocking page: 000001AF7E794DF0
font     D                ttf.c:243  alloc_glyph_region               [   0.20440] Glyph 83: 18x22 (20x24)
font     D                ttf.c:287  alloc_glyph_region               [   0.20445] Locking glyph region: 000001AF7E794DF0 196 0 20 24
font     D                ttf.c:167  unlock_current_page              [   0.20454] Unlocking page: 000001AF7E794DF0
font     D                ttf.c:243  alloc_glyph_region               [   0.20476] Glyph 51: 21x27 (24x28)
font     D                ttf.c:287  alloc_glyph_region               [   0.20481] Locking glyph region: 000001AF7E794DF0 216 0 24 28
font     D                ttf.c:167  unlock_current_page              [   0.20497] Unlocking page: 000001AF7E794DF0
font     D                ttf.c:243  alloc_glyph_region               [   0.20507] Glyph 65: 21x22 (24x24)
font     D                ttf.c:287  alloc_glyph_region               [   0.20511] Locking glyph region: 000001AF7E794DF0 240 0 24 24
font     D                ttf.c:167  unlock_current_page              [   0.20520] Unlocking page: 000001AF7E794DF0
font     D                ttf.c:243  alloc_glyph_region               [   0.20530] Glyph 73: 11x22 (12x24)
font     D                ttf.c:287  alloc_glyph_region               [   0.20534] Locking glyph region: 000001AF7E794DF0 264 0 12 24
font     D                ttf.c:167  unlock_current_page              [   0.20543] Unlocking page: 000001AF7E794DF0
font     D                ttf.c:243  alloc_glyph_region               [   0.20556] Glyph 82: 19x22 (20x24)
font     D                ttf.c:287  alloc_glyph_region               [   0.20561] Locking glyph region: 000001AF7E794DF0 276 0 20 24
font     D                ttf.c:167  unlock_current_page              [   0.20570] Unlocking page: 000001AF7E794DF0
d3d      D          d3d_bmp.cpp:539  _al_d3d_sync_bitmap              [   0.20720] _al_d3d_sync_bitmap (system) ref count == 1
d3d      D          d3d_bmp.cpp:545  _al_d3d_sync_bitmap              [   0.20727] _al_d3d_sync_bitmap (video) ref count == 1
d3d      D          d3d_bmp.cpp:539  _al_d3d_sync_bitmap              [   0.20920] _al_d3d_sync_bitmap (system) ref count == 1
d3d      D          d3d_bmp.cpp:545  _al_d3d_sync_bitmap              [   0.20927] _al_d3d_sync_bitmap (video) ref count == 1
d3d      D          d3d_bmp.cpp:539  _al_d3d_sync_bitmap              [   0.20997] _al_d3d_sync_bitmap (system) ref count == 1
d3d      D          d3d_bmp.cpp:545  _al_d3d_sync_bitmap              [   0.21002] _al_d3d_sync_bitmap (video) ref count == 1
d3d      D          d3d_bmp.cpp:539  _al_d3d_sync_bitmap              [   0.21587] _al_d3d_sync_bitmap (system) ref count == 1
d3d      D          d3d_bmp.cpp:545  _al_d3d_sync_bitmap              [   0.21602] _al_d3d_sync_bitmap (video) ref count == 1
d3d      D          d3d_bmp.cpp:539  _al_d3d_sync_bitmap              [   0.21945] _al_d3d_sync_bitmap (system) ref count == 1
d3d      D          d3d_bmp.cpp:545  _al_d3d_sync_bitmap              [   0.21957] _al_d3d_sync_bitmap (video) ref count == 1
dtor     D               dtor.c:227  _al_unregister_destructor        [   4.75037] removed dtor for bitmap 000001AF7E71A010
dtor     D               dtor.c:227  _al_unregister_destructor        [   4.75064] removed dtor for bitmap 000001AF7E76C200
dtor     D               dtor.c:227  _al_unregister_destructor        [   4.75085] removed dtor for queue 000001AF79AB76D0
audio    D         kcm_stream.c:792  _al_kcm_feed_stream              [   4.75094] Stream feeder thread finished.
dtor     D               dtor.c:227  _al_unregister_destructor        [   4.75240] removed dtor for sample_instance 000001AF79A4D680
dtor     D               dtor.c:227  _al_unregister_destructor        [   4.75252] removed dtor for sample_instance 000001AF79A22410
dtor     D               dtor.c:227  _al_unregister_destructor        [   4.75257] removed dtor for sample_instance 000001AF79A62EE0
dtor     D               dtor.c:227  _al_unregister_destructor        [   4.75261] removed dtor for sample_instance 000001AF79A62C70
dtor     D               dtor.c:227  _al_unregister_destructor        [   4.75266] removed dtor for sample_instance 000001AF79A62650
dtor     D               dtor.c:227  _al_unregister_destructor        [   4.75270] removed dtor for sample_instance 000001AF79A62A10
dtor     D               dtor.c:227  _al_unregister_destructor        [   4.75274] removed dtor for sample_instance 000001AF79A63740
dtor     D               dtor.c:227  _al_unregister_destructor        [   4.75279] removed dtor for sample_instance 000001AF79A633E0
dtor     D               dtor.c:227  _al_unregister_destructor        [   4.75283] removed dtor for sample_instance 000001AF79A63030
dtor     D               dtor.c:227  _al_unregister_destructor        [   4.75288] removed dtor for sample_instance 000001AF79A65560
dtor     D               dtor.c:227  _al_unregister_destructor        [   4.75292] removed dtor for mixer 000001AF79A3AEB0
audio-dsound D           dsound.cpp:539  _dsound_stop_voice               [   4.75298] Stopping voice
audio-dsound D           dsound.cpp:556  _dsound_stop_voice               [   4.75302] Joining thread
audio-dsound D           dsound.cpp:562  _dsound_stop_voice               [   4.75481] Joined thread
audio-dsound D           dsound.cpp:564  _dsound_stop_voice               [   4.75488] Destroying thread
audio-dsound D           dsound.cpp:566  _dsound_stop_voice               [   4.75493] Thread destroyed
audio-dsound D           dsound.cpp:573  _dsound_stop_voice               [   4.75497] Releasing buffer
audio-dsound I           dsound.cpp:577  _dsound_stop_voice               [   4.75501] Voice stopped
dtor     D               dtor.c:227  _al_unregister_destructor        [   4.75506] removed dtor for voice 000001AF799F0810
audio-dsound D           dsound.cpp:391  _dsound_deallocate_voice         [   4.75510] Deallocating voice
audio-dsound D           dsound.cpp:396  _dsound_deallocate_voice         [   4.75514] Deallocated voice
audio-dsound D           dsound.cpp:304  _dsound_close                    [   4.75519] Releasing device
audio-dsound D           dsound.cpp:309  _dsound_close                    [   4.76087] Released device
audio-dsound I           dsound.cpp:310  _dsound_close                    [   4.76096] DirectSound closed
dtor     D               dtor.c:227  _al_unregister_destructor        [   4.76100] removed dtor for bitmap 000001AF7E718FB0
dtor     D               dtor.c:227  _al_unregister_destructor        [   4.76304] removed dtor for ttf_font 000001AF79ADE450
dtor     D               dtor.c:227  _al_unregister_destructor        [   4.76468] removed dtor for ttf_font 000001AF79ADD5E0
d3d      I         d3d_disp.cpp:910  d3d_destroy_display              [   4.76525] destroying display 000001AF79A94000 (current 0000000000000000)
d3d      D         d3d_disp.cpp:894  d3d_destroy_display_internals    [   4.76894] waiting for display 000001AF79A94000's thread to end
d3d      W         d3d_disp.cpp:603  d3d_destroy_device               [   4.77673] d3d_destroy_device: ref count not 0
d3d      I         d3d_disp.cpp:1557 d3d_display_thread_proc          [   4.78522] d3d display thread exits
dtor     D               dtor.c:227  _al_unregister_destructor        [   4.78609] removed dtor for queue 000001AF79AB78F0
dtor     D               dtor.c:116  _al_run_destructors              [   4.78617] calling dtor for timer 000001AF79A7FE60, func 00007FFA5D901050
dtor     D               dtor.c:227  _al_unregister_destructor        [   4.78625] removed dtor for timer 000001AF79A7FE60
dtor     D               dtor.c:116  _al_run_destructors              [   4.78635] calling dtor for ttf_font 000001AF79ADDAB0, func 00007FFAEA58129E
dtor     D               dtor.c:227  _al_unregister_destructor        [   4.78641] removed dtor for ttf_font 000001AF79ADDAB0
